[debug] [2025-03-11T06:30:12.333Z] ----------------------------------------------------------------------
[debug] [2025-03-11T06:30:12.338Z] Command:       C:\Program Files\nodejs\node.exe C:\Users\Dell\AppData\Roaming\npm\node_modules\firebase-tools\lib\bin\firebase.js emulators:start --only functions
[debug] [2025-03-11T06:30:12.339Z] CLI Version:   13.31.1
[debug] [2025-03-11T06:30:12.339Z] Platform:      win32
[debug] [2025-03-11T06:30:12.339Z] Node Version:  v20.16.0
[debug] [2025-03-11T06:30:12.339Z] Time:          Tue Mar 11 2025 13:30:12 GMT+0700 (Indochina Time)
[debug] [2025-03-11T06:30:12.339Z] ----------------------------------------------------------------------
[debug] 
[debug] [2025-03-11T06:30:12.737Z] > command requires scopes: ["email","openid","https://www.googleapis.com/auth/cloudplatformprojects.readonly","https://www.googleapis.com/auth/firebase","https://www.googleapis.com/auth/cloud-platform"]
[debug] [2025-03-11T06:30:12.737Z] > authorizing via signed-in user (luongtunhan2004@gmail.com)
[info] i  emulators: Starting emulators: functions {"metadata":{"emulator":{"name":"hub"},"message":"Starting emulators: functions"}}
[warn] !  hub: emulator hub unable to start on port 4400, starting on 4401 instead. {"metadata":{"emulator":{"name":"hub"},"message":"emulator hub unable to start on port 4400, starting on 4401 instead."}}
[warn] !  ui: Emulator UI unable to start on port 4000, starting on 4001 instead. {"metadata":{"emulator":{"name":"ui"},"message":"Emulator UI unable to start on port 4000, starting on 4001 instead."}}
[warn] !  logging: Logging Emulator unable to start on port 4500, starting on 4501 instead. {"metadata":{"emulator":{"name":"logging"},"message":"Logging Emulator unable to start on port 4500, starting on 4501 instead."}}
[debug] [2025-03-11T06:30:12.755Z] [logging] Logging Emulator only supports listening on one address (127.0.0.1). Not listening on ::1
[debug] [2025-03-11T06:30:12.755Z] assigned listening specs for emulators {"user":{"hub":[{"address":"127.0.0.1","family":"IPv4","port":4401},{"address":"::1","family":"IPv6","port":4401}],"ui":[{"address":"127.0.0.1","family":"IPv4","port":4001},{"address":"::1","family":"IPv6","port":4001}],"logging":[{"address":"127.0.0.1","family":"IPv4","port":4501}]},"metadata":{"message":"assigned listening specs for emulators"}}
[debug] [2025-03-11T06:30:12.763Z] [hub] writing locator at C:\Users\Dell\AppData\Local\Temp\hub-vifin-app.json
[warn] !  functions: Port 5001 is not open on localhost (127.0.0.1), could not start Functions Emulator. {"metadata":{"emulator":{"name":"functions"},"message":"Port 5001 is not open on localhost (127.0.0.1), could not start Functions Emulator."}}
[warn] !  functions: To select a different host/port, specify that host/port in a firebase.json config file:
      {
        // ...
        "emulators": {
          "functions": {
            "host": "HOST",
            "port": "PORT"
          }
        }
      } {"metadata":{"emulator":{"name":"functions"},"message":"To select a different host/port, specify that host/port in a firebase.json config file:\n      {\n        // ...\n        \"emulators\": {\n          \"functions\": {\n            \"host\": \"\u001b[33mHOST\u001b[39m\",\n            \"port\": \"\u001b[33mPORT\u001b[39m\"\n          }\n        }\n      }"}}
[warn] !  eventarc: Eventarc Emulator unable to start on port 9299, starting on 9300 instead. {"metadata":{"emulator":{"name":"eventarc"},"message":"Eventarc Emulator unable to start on port 9299, starting on 9300 instead."}}
[debug] [2025-03-11T06:30:12.798Z] [eventarc] Eventarc Emulator only supports listening on one address (127.0.0.1). Not listening on ::1
[warn] !  tasks: Cloud Tasks Emulator unable to start on port 9499, starting on 9500 instead. {"metadata":{"emulator":{"name":"tasks"},"message":"Cloud Tasks Emulator unable to start on port 9499, starting on 9500 instead."}}
[debug] [2025-03-11T06:30:12.799Z] [tasks] Cloud Tasks Emulator only supports listening on one address (127.0.0.1). Not listening on ::1
[debug] [2025-03-11T06:30:14.220Z] Could not find VSCode notification endpoint: FetchError: request to http://localhost:40001/vscode/notify failed, reason: . If you are not running the Firebase Data Connect VSCode extension, this is expected and not an issue.
[info] i  emulators: Shutting down emulators. {"metadata":{"emulator":{"name":"hub"},"message":"Shutting down emulators."}}
[info] i  hub: Stopping emulator hub {"metadata":{"emulator":{"name":"hub"},"message":"Stopping emulator hub"}}
[debug] [2025-03-11T06:30:14.228Z] Could not find VSCode notification endpoint: FetchError: request to http://localhost:40001/vscode/notify failed, reason: . If you are not running the Firebase Data Connect VSCode extension, this is expected and not an issue.
[debug] [2025-03-11T06:30:19.236Z] Error: Timed out.
    at Timeout._onTimeout (C:\Users\Dell\AppData\Roaming\npm\node_modules\firebase-tools\lib\utils.js:269:49)
    at listOnTimeout (node:internal/timers:581:17)
    at process.processTimers (node:internal/timers:519:7)
[error] 
[error] Error: An unexpected error has occurred.
[debug] [2025-03-11T06:30:57.330Z] ----------------------------------------------------------------------
[debug] [2025-03-11T06:30:57.333Z] Command:       C:\Program Files\nodejs\node.exe C:\Users\Dell\AppData\Roaming\npm\node_modules\firebase-tools\lib\bin\firebase.js emulators:start --only functions
[debug] [2025-03-11T06:30:57.334Z] CLI Version:   13.31.1
[debug] [2025-03-11T06:30:57.334Z] Platform:      win32
[debug] [2025-03-11T06:30:57.335Z] Node Version:  v20.16.0
[debug] [2025-03-11T06:30:57.335Z] Time:          Tue Mar 11 2025 13:30:57 GMT+0700 (Indochina Time)
[debug] [2025-03-11T06:30:57.335Z] ----------------------------------------------------------------------
[debug] 
[debug] [2025-03-11T06:30:57.691Z] > command requires scopes: ["email","openid","https://www.googleapis.com/auth/cloudplatformprojects.readonly","https://www.googleapis.com/auth/firebase","https://www.googleapis.com/auth/cloud-platform"]
[debug] [2025-03-11T06:30:57.691Z] > authorizing via signed-in user (luongtunhan2004@gmail.com)
[info] i  emulators: Starting emulators: functions {"metadata":{"emulator":{"name":"hub"},"message":"Starting emulators: functions"}}
[warn] !  hub: emulator hub unable to start on port 4400, starting on 4401 instead. {"metadata":{"emulator":{"name":"hub"},"message":"emulator hub unable to start on port 4400, starting on 4401 instead."}}
[warn] !  ui: Emulator UI unable to start on port 4000, starting on 4001 instead. {"metadata":{"emulator":{"name":"ui"},"message":"Emulator UI unable to start on port 4000, starting on 4001 instead."}}
[warn] !  logging: Logging Emulator unable to start on port 4500, starting on 4501 instead. {"metadata":{"emulator":{"name":"logging"},"message":"Logging Emulator unable to start on port 4500, starting on 4501 instead."}}
[debug] [2025-03-11T06:30:57.708Z] [logging] Logging Emulator only supports listening on one address (127.0.0.1). Not listening on ::1
[debug] [2025-03-11T06:30:57.709Z] assigned listening specs for emulators {"user":{"hub":[{"address":"127.0.0.1","family":"IPv4","port":4401},{"address":"::1","family":"IPv6","port":4401}],"ui":[{"address":"127.0.0.1","family":"IPv4","port":4001},{"address":"::1","family":"IPv6","port":4001}],"logging":[{"address":"127.0.0.1","family":"IPv4","port":4501}]},"metadata":{"message":"assigned listening specs for emulators"}}
[debug] [2025-03-11T06:30:57.716Z] [hub] writing locator at C:\Users\Dell\AppData\Local\Temp\hub-vifin-app.json
[warn] !  functions: Port 5001 is not open on localhost (127.0.0.1), could not start Functions Emulator. {"metadata":{"emulator":{"name":"functions"},"message":"Port 5001 is not open on localhost (127.0.0.1), could not start Functions Emulator."}}
[warn] !  functions: To select a different host/port, specify that host/port in a firebase.json config file:
      {
        // ...
        "emulators": {
          "functions": {
            "host": "HOST",
            "port": "PORT"
          }
        }
      } {"metadata":{"emulator":{"name":"functions"},"message":"To select a different host/port, specify that host/port in a firebase.json config file:\n      {\n        // ...\n        \"emulators\": {\n          \"functions\": {\n            \"host\": \"\u001b[33mHOST\u001b[39m\",\n            \"port\": \"\u001b[33mPORT\u001b[39m\"\n          }\n        }\n      }"}}
[warn] !  eventarc: Eventarc Emulator unable to start on port 9299, starting on 9300 instead. {"metadata":{"emulator":{"name":"eventarc"},"message":"Eventarc Emulator unable to start on port 9299, starting on 9300 instead."}}
[debug] [2025-03-11T06:30:57.763Z] [eventarc] Eventarc Emulator only supports listening on one address (127.0.0.1). Not listening on ::1
[warn] !  tasks: Cloud Tasks Emulator unable to start on port 9499, starting on 9500 instead. {"metadata":{"emulator":{"name":"tasks"},"message":"Cloud Tasks Emulator unable to start on port 9499, starting on 9500 instead."}}
[debug] [2025-03-11T06:30:57.765Z] [tasks] Cloud Tasks Emulator only supports listening on one address (127.0.0.1). Not listening on ::1
[debug] [2025-03-11T06:30:57.775Z] Could not find VSCode notification endpoint: FetchError: request to http://localhost:40001/vscode/notify failed, reason: . If you are not running the Firebase Data Connect VSCode extension, this is expected and not an issue.
[info] i  emulators: Shutting down emulators. {"metadata":{"emulator":{"name":"hub"},"message":"Shutting down emulators."}}
[info] i  hub: Stopping emulator hub {"metadata":{"emulator":{"name":"hub"},"message":"Stopping emulator hub"}}
[debug] [2025-03-11T06:30:57.783Z] Could not find VSCode notification endpoint: FetchError: request to http://localhost:40001/vscode/notify failed, reason: . If you are not running the Firebase Data Connect VSCode extension, this is expected and not an issue.
[debug] [2025-03-11T06:31:02.798Z] Error: Timed out.
    at Timeout._onTimeout (C:\Users\Dell\AppData\Roaming\npm\node_modules\firebase-tools\lib\utils.js:269:49)
    at listOnTimeout (node:internal/timers:581:17)
    at process.processTimers (node:internal/timers:519:7)
[error] 
[error] Error: An unexpected error has occurred.
